C51 COMPILER V9.52.0.0   LED                                                               11/19/2020 13:18:35 PAGE 1   


C51 COMPILER V9.52.0.0, COMPILATION OF MODULE LED
OBJECT MODULE PLACED IN led.OBJ
COMPILER INVOKED BY: C:\Keil51\C51\BIN\C51.EXE led.c BROWSE INCDIR(..\led) DEBUG OBJECTEXTEND TABS(2)

line level    source

   1          #include<xlw_time.h>
   2            unsigned int num[14];
   3          void display(){
   4   1        unsigned int i;
   5   1        for(i=13;i>=0;i--)
   6   1        num[i]=date[13-i];
   7   1       disp(num);   
*** WARNING C182 IN LINE 7 OF led.c: pointer to different objects
   8   1       delay_nms(100);
   9   1      
  10   1      }
  11          void main(){
  12   1        int i,key;
  13   1        key=key_scan();
  14   1        time_init();
  15   1        while(1)
  16   1      {
  17   2        display();
  18   2      }
  19   1      }
*** WARNING C280 IN LINE 12 OF led.c: 'i': unreferenced local variable
  20          
  21          


MODULE INFORMATION:   STATIC OVERLAYABLE
   CODE SIZE        =    948    ----
   CONSTANT SIZE    =     16    ----
   XDATA SIZE       =   ----    ----
   PDATA SIZE       =   ----    ----
   DATA SIZE        =     94       4
   IDATA SIZE       =   ----    ----
   BIT SIZE         =   ----    ----
END OF MODULE INFORMATION.


C51 COMPILATION COMPLETE.  2 WARNING(S),  0 ERROR(S)
